<?xml version="1.0" encoding="UTF-8"?>
<testng-results ignored="0" total="1" passed="1" failed="0" skipped="0">
  <reporter-output>
  </reporter-output>
  <suite started-at="2026-02-17T23:50:20 EST" name="Default suite" finished-at="2026-02-17T23:50:26 EST" duration-ms="6238">
    <groups>
    </groups>
    <test started-at="2026-02-17T23:50:20 EST" name="Default test" finished-at="2026-02-17T23:50:26 EST" duration-ms="6238">
      <class name="com.saucedemo.tests.LoginTest">
        <test-method is-config="true" signature="setUp()[pri:0, instance:com.saucedemo.tests.LoginTest@1ffaf86]" started-at="2026-02-17T23:50:20 EST" name="setUp" finished-at="2026-02-17T23:50:25 EST" duration-ms="5488" status="PASS">
          <reporter-output>
          </reporter-output>
        </test-method> <!-- setUp -->
        <test-method signature="validLoginTest()[pri:0, instance:com.saucedemo.tests.LoginTest@1ffaf86]" started-at="2026-02-17T23:50:25 EST" name="validLoginTest" finished-at="2026-02-17T23:50:26 EST" duration-ms="411" status="PASS">
          <reporter-output>
          </reporter-output>
        </test-method> <!-- validLoginTest -->
        <test-method is-config="true" signature="tearDown()[pri:0, instance:com.saucedemo.tests.LoginTest@1ffaf86]" started-at="2026-02-17T23:50:26 EST" name="tearDown" finished-at="2026-02-17T23:50:26 EST" duration-ms="299" status="PASS">
          <reporter-output>
          </reporter-output>
        </test-method> <!-- tearDown -->
      </class> <!-- com.saucedemo.tests.LoginTest -->
    </test> <!-- Default test -->
  </suite> <!-- Default suite -->
</testng-results>
